D:\ACADEMY\SECOND TERM\PROJECTS\FIRSTPERSONSHOOTER\FIRSTPERSONSHOOTER\FIRSTPERSONSHOOTER\DEBUG\MODEL.OBJ
D:\ACADEMY\SECOND TERM\PROJECTS\FIRSTPERSONSHOOTER\FIRSTPERSONSHOOTER\FIRSTPERSONSHOOTER\DEBUG\TEXTUREDMODEL.OBJ
D:\ACADEMY\SECOND TERM\PROJECTS\FIRSTPERSONSHOOTER\FIRSTPERSONSHOOTER\FIRSTPERSONSHOOTER\DEBUG\OBJLOADER.OBJ
D:\ACADEMY\SECOND TERM\PROJECTS\FIRSTPERSONSHOOTER\FIRSTPERSONSHOOTER\FIRSTPERSONSHOOTER\DEBUG\RENDERER.OBJ
D:\ACADEMY\SECOND TERM\PROJECTS\FIRSTPERSONSHOOTER\FIRSTPERSONSHOOTER\FIRSTPERSONSHOOTER\DEBUG\CREDITSSCREEN.OBJ
D:\ACADEMY\SECOND TERM\PROJECTS\FIRSTPERSONSHOOTER\FIRSTPERSONSHOOTER\FIRSTPERSONSHOOTER\DEBUG\GAMEOVERSCREEN.OBJ
D:\ACADEMY\SECOND TERM\PROJECTS\FIRSTPERSONSHOOTER\FIRSTPERSONSHOOTER\FIRSTPERSONSHOOTER\DEBUG\GAMESCREEN.OBJ
D:\ACADEMY\SECOND TERM\PROJECTS\FIRSTPERSONSHOOTER\FIRSTPERSONSHOOTER\FIRSTPERSONSHOOTER\DEBUG\LOADINGSCREEN.OBJ
D:\ACADEMY\SECOND TERM\PROJECTS\FIRSTPERSONSHOOTER\FIRSTPERSONSHOOTER\FIRSTPERSONSHOOTER\DEBUG\OPTIONSCREEN.OBJ
D:\ACADEMY\SECOND TERM\PROJECTS\FIRSTPERSONSHOOTER\FIRSTPERSONSHOOTER\FIRSTPERSONSHOOTER\DEBUG\SCREEN.OBJ
D:\ACADEMY\SECOND TERM\PROJECTS\FIRSTPERSONSHOOTER\FIRSTPERSONSHOOTER\FIRSTPERSONSHOOTER\DEBUG\SCREENMANGER.OBJ
D:\ACADEMY\SECOND TERM\PROJECTS\FIRSTPERSONSHOOTER\FIRSTPERSONSHOOTER\FIRSTPERSONSHOOTER\DEBUG\STARTSCREEN.OBJ
D:\ACADEMY\SECOND TERM\PROJECTS\FIRSTPERSONSHOOTER\FIRSTPERSONSHOOTER\FIRSTPERSONSHOOTER\DEBUG\KEYFRAMEANIMATIONSHADER.OBJ
D:\ACADEMY\SECOND TERM\PROJECTS\FIRSTPERSONSHOOTER\FIRSTPERSONSHOOTER\FIRSTPERSONSHOOTER\DEBUG\SHADERPROGRAM.OBJ
D:\ACADEMY\SECOND TERM\PROJECTS\FIRSTPERSONSHOOTER\FIRSTPERSONSHOOTER\FIRSTPERSONSHOOTER\DEBUG\SIMPLESHADERPROGRAM.OBJ
D:\ACADEMY\SECOND TERM\PROJECTS\FIRSTPERSONSHOOTER\FIRSTPERSONSHOOTER\FIRSTPERSONSHOOTER\DEBUG\SHADER.OBJ
D:\ACADEMY\SECOND TERM\PROJECTS\FIRSTPERSONSHOOTER\FIRSTPERSONSHOOTER\FIRSTPERSONSHOOTER\DEBUG\SKYBOX.OBJ
D:\ACADEMY\SECOND TERM\PROJECTS\FIRSTPERSONSHOOTER\FIRSTPERSONSHOOTER\FIRSTPERSONSHOOTER\DEBUG\TEXT2D.OBJ
D:\ACADEMY\SECOND TERM\PROJECTS\FIRSTPERSONSHOOTER\FIRSTPERSONSHOOTER\FIRSTPERSONSHOOTER\DEBUG\TEXTURE.OBJ
D:\ACADEMY\SECOND TERM\PROJECTS\FIRSTPERSONSHOOTER\FIRSTPERSONSHOOTER\FIRSTPERSONSHOOTER\DEBUG\AABOUNDINGBOX.OBJ
D:\ACADEMY\SECOND TERM\PROJECTS\FIRSTPERSONSHOOTER\FIRSTPERSONSHOOTER\FIRSTPERSONSHOOTER\DEBUG\COLLIDABLEMODEL.OBJ
D:\ACADEMY\SECOND TERM\PROJECTS\FIRSTPERSONSHOOTER\FIRSTPERSONSHOOTER\FIRSTPERSONSHOOTER\DEBUG\COLLISIONMANAGER.OBJ
D:\ACADEMY\SECOND TERM\PROJECTS\FIRSTPERSONSHOOTER\FIRSTPERSONSHOOTER\FIRSTPERSONSHOOTER\DEBUG\SENSOR.OBJ
D:\ACADEMY\SECOND TERM\PROJECTS\FIRSTPERSONSHOOTER\FIRSTPERSONSHOOTER\FIRSTPERSONSHOOTER\DEBUG\CUBE.OBJ
D:\ACADEMY\SECOND TERM\PROJECTS\FIRSTPERSONSHOOTER\FIRSTPERSONSHOOTER\FIRSTPERSONSHOOTER\DEBUG\EULERCAMERA.OBJ
D:\ACADEMY\SECOND TERM\PROJECTS\FIRSTPERSONSHOOTER\FIRSTPERSONSHOOTER\FIRSTPERSONSHOOTER\DEBUG\BULLET.OBJ
D:\ACADEMY\SECOND TERM\PROJECTS\FIRSTPERSONSHOOTER\FIRSTPERSONSHOOTER\FIRSTPERSONSHOOTER\DEBUG\CROSSHAIR.OBJ
D:\ACADEMY\SECOND TERM\PROJECTS\FIRSTPERSONSHOOTER\FIRSTPERSONSHOOTER\FIRSTPERSONSHOOTER\DEBUG\ENEMY.OBJ
D:\ACADEMY\SECOND TERM\PROJECTS\FIRSTPERSONSHOOTER\FIRSTPERSONSHOOTER\FIRSTPERSONSHOOTER\DEBUG\GAMEOBJECT.OBJ
D:\ACADEMY\SECOND TERM\PROJECTS\FIRSTPERSONSHOOTER\FIRSTPERSONSHOOTER\FIRSTPERSONSHOOTER\DEBUG\HERO.OBJ
D:\ACADEMY\SECOND TERM\PROJECTS\FIRSTPERSONSHOOTER\FIRSTPERSONSHOOTER\FIRSTPERSONSHOOTER\DEBUG\STATICCOMPONENT.OBJ
D:\ACADEMY\SECOND TERM\PROJECTS\FIRSTPERSONSHOOTER\FIRSTPERSONSHOOTER\FIRSTPERSONSHOOTER\DEBUG\GAMESCENE.OBJ
D:\ACADEMY\SECOND TERM\PROJECTS\FIRSTPERSONSHOOTER\FIRSTPERSONSHOOTER\FIRSTPERSONSHOOTER\DEBUG\LEVEL1.OBJ
D:\ACADEMY\SECOND TERM\PROJECTS\FIRSTPERSONSHOOTER\FIRSTPERSONSHOOTER\FIRSTPERSONSHOOTER\DEBUG\MAIN.OBJ
D:\ACADEMY\SECOND TERM\PROJECTS\FIRSTPERSONSHOOTER\FIRSTPERSONSHOOTER\FIRSTPERSONSHOOTER\DEBUG\MAPOBJECT.OBJ
D:\ACADEMY\SECOND TERM\PROJECTS\FIRSTPERSONSHOOTER\FIRSTPERSONSHOOTER\FIRSTPERSONSHOOTER\DEBUG\MD2MODEL.OBJ
D:\ACADEMY\SECOND TERM\PROJECTS\FIRSTPERSONSHOOTER\FIRSTPERSONSHOOTER\FIRSTPERSONSHOOTER\DEBUG\VERTEXBUFFEROBJECT.OBJ
D:\ACADEMY\SECOND TERM\PROJECTS\FIRSTPERSONSHOOTER\FIRSTPERSONSHOOTER\FIRSTPERSONSHOOTER\DEBUG\MODEL3D.OBJ
D:\ACADEMY\SECOND TERM\PROJECTS\FIRSTPERSONSHOOTER\FIRSTPERSONSHOOTER\FIRSTPERSONSHOOTER\DEBUG\MODELNODE.OBJ
D:\ACADEMY\SECOND TERM\PROJECTS\FIRSTPERSONSHOOTER\FIRSTPERSONSHOOTER\FIRSTPERSONSHOOTER\DEBUG\APPLICATIONMANAGER.OBJ
D:\ACADEMY\SECOND TERM\PROJECTS\FIRSTPERSONSHOOTER\FIRSTPERSONSHOOTER\FIRSTPERSONSHOOTER\DEBUG\VC110.PDB
D:\ACADEMY\SECOND TERM\PROJECTS\FIRSTPERSONSHOOTER\FIRSTPERSONSHOOTER\FIRSTPERSONSHOOTER\DEBUG\PAUSESCREEN.OBJ
D:\ACADEMY\SECOND TERM\PROJECTS\FIRSTPERSONSHOOTER\FIRSTPERSONSHOOTER\FIRSTPERSONSHOOTER\DEBUG\STB_IMAGE.OBJ
D:\ACADEMY\SECOND TERM\PROJECTS\FIRSTPERSONSHOOTER\FIRSTPERSONSHOOTER\FIRSTPERSONSHOOTER\DEBUG\SOUND.OBJ
D:\ACADEMY\SECOND TERM\PROJECTS\FIRSTPERSONSHOOTER\FIRSTPERSONSHOOTER\FIRSTPERSONSHOOTER\DEBUG\VECTOR3D.OBJ
D:\Academy\second term\projects\FirstPersonShooter\FirstPersonShooter\FirstPersonShooter\Debug\AABoundingBox.obj
D:\Academy\second term\projects\FirstPersonShooter\FirstPersonShooter\FirstPersonShooter\Debug\ApplicationManager.obj
D:\Academy\second term\projects\FirstPersonShooter\FirstPersonShooter\FirstPersonShooter\Debug\Bullet.obj
D:\Academy\second term\projects\FirstPersonShooter\FirstPersonShooter\FirstPersonShooter\Debug\CollidableModel.obj
D:\Academy\second term\projects\FirstPersonShooter\FirstPersonShooter\FirstPersonShooter\Debug\CollisionManager.obj
D:\Academy\second term\projects\FirstPersonShooter\FirstPersonShooter\FirstPersonShooter\Debug\CreditsScreen.obj
D:\Academy\second term\projects\FirstPersonShooter\FirstPersonShooter\FirstPersonShooter\Debug\CrossHair.obj
D:\Academy\second term\projects\FirstPersonShooter\FirstPersonShooter\FirstPersonShooter\Debug\Cube.obj
D:\Academy\second term\projects\FirstPersonShooter\FirstPersonShooter\FirstPersonShooter\Debug\Enemy.obj
D:\Academy\second term\projects\FirstPersonShooter\FirstPersonShooter\FirstPersonShooter\Debug\EulerCamera.obj
D:\Academy\second term\projects\FirstPersonShooter\FirstPersonShooter\FirstPersonShooter\Debug\GameObject.obj
D:\Academy\second term\projects\FirstPersonShooter\FirstPersonShooter\FirstPersonShooter\Debug\GameOverScreen.obj
D:\Academy\second term\projects\FirstPersonShooter\FirstPersonShooter\FirstPersonShooter\Debug\GameScene.obj
D:\Academy\second term\projects\FirstPersonShooter\FirstPersonShooter\FirstPersonShooter\Debug\GameScreen.obj
D:\Academy\second term\projects\FirstPersonShooter\FirstPersonShooter\FirstPersonShooter\Debug\Hero.obj
D:\Academy\second term\projects\FirstPersonShooter\FirstPersonShooter\FirstPersonShooter\Debug\KeyFrameAnimationShader.obj
D:\Academy\second term\projects\FirstPersonShooter\FirstPersonShooter\FirstPersonShooter\Debug\Level1.obj
D:\Academy\second term\projects\FirstPersonShooter\FirstPersonShooter\FirstPersonShooter\Debug\LoadingScreen.obj
D:\Academy\second term\projects\FirstPersonShooter\FirstPersonShooter\FirstPersonShooter\Debug\main.obj
D:\Academy\second term\projects\FirstPersonShooter\FirstPersonShooter\FirstPersonShooter\Debug\MapObject.obj
D:\Academy\second term\projects\FirstPersonShooter\FirstPersonShooter\FirstPersonShooter\Debug\md2model.obj
D:\Academy\second term\projects\FirstPersonShooter\FirstPersonShooter\FirstPersonShooter\Debug\Model.obj
D:\Academy\second term\projects\FirstPersonShooter\FirstPersonShooter\FirstPersonShooter\Debug\Model3D.obj
D:\Academy\second term\projects\FirstPersonShooter\FirstPersonShooter\FirstPersonShooter\Debug\ModelNode.obj
D:\Academy\second term\projects\FirstPersonShooter\FirstPersonShooter\FirstPersonShooter\Debug\objloader.obj
D:\Academy\second term\projects\FirstPersonShooter\FirstPersonShooter\FirstPersonShooter\Debug\OptionScreen.obj
D:\Academy\second term\projects\FirstPersonShooter\FirstPersonShooter\FirstPersonShooter\Debug\PauseScreen.obj
D:\Academy\second term\projects\FirstPersonShooter\FirstPersonShooter\FirstPersonShooter\Debug\Renderer.obj
D:\Academy\second term\projects\FirstPersonShooter\FirstPersonShooter\FirstPersonShooter\Debug\Screen.obj
D:\Academy\second term\projects\FirstPersonShooter\FirstPersonShooter\FirstPersonShooter\Debug\ScreenManger.obj
D:\Academy\second term\projects\FirstPersonShooter\FirstPersonShooter\FirstPersonShooter\Debug\sensor.obj
D:\Academy\second term\projects\FirstPersonShooter\FirstPersonShooter\FirstPersonShooter\Debug\shader.obj
D:\Academy\second term\projects\FirstPersonShooter\FirstPersonShooter\FirstPersonShooter\Debug\ShaderProgram.obj
D:\Academy\second term\projects\FirstPersonShooter\FirstPersonShooter\FirstPersonShooter\Debug\SimpleShaderProgram.obj
D:\Academy\second term\projects\FirstPersonShooter\FirstPersonShooter\FirstPersonShooter\Debug\SkyBox.obj
D:\Academy\second term\projects\FirstPersonShooter\FirstPersonShooter\FirstPersonShooter\Debug\sound.obj
D:\Academy\second term\projects\FirstPersonShooter\FirstPersonShooter\FirstPersonShooter\Debug\StartScreen.obj
D:\Academy\second term\projects\FirstPersonShooter\FirstPersonShooter\FirstPersonShooter\Debug\StaticComponent.obj
D:\Academy\second term\projects\FirstPersonShooter\FirstPersonShooter\FirstPersonShooter\Debug\stb_image.obj
D:\Academy\second term\projects\FirstPersonShooter\FirstPersonShooter\FirstPersonShooter\Debug\text2D.obj
D:\Academy\second term\projects\FirstPersonShooter\FirstPersonShooter\FirstPersonShooter\Debug\texture.obj
D:\Academy\second term\projects\FirstPersonShooter\FirstPersonShooter\FirstPersonShooter\Debug\TexturedModel.obj
D:\Academy\second term\projects\FirstPersonShooter\FirstPersonShooter\FirstPersonShooter\Debug\vector3d.obj
D:\Academy\second term\projects\FirstPersonShooter\FirstPersonShooter\FirstPersonShooter\Debug\vertexBufferObject.obj
D:\Academy\second term\projects\FirstPersonShooter\FirstPersonShooter\FirstPersonShooter\Debug\cl.command.1.tlog
D:\Academy\second term\projects\FirstPersonShooter\FirstPersonShooter\FirstPersonShooter\Debug\CL.read.1.tlog
D:\Academy\second term\projects\FirstPersonShooter\FirstPersonShooter\FirstPersonShooter\Debug\CL.write.1.tlog
D:\Academy\second term\projects\FirstPersonShooter\FirstPersonShooter\FirstPersonShooter\Debug\link-cvtres.read.1.tlog
D:\Academy\second term\projects\FirstPersonShooter\FirstPersonShooter\FirstPersonShooter\Debug\link-cvtres.write.1.tlog
D:\Academy\second term\projects\FirstPersonShooter\FirstPersonShooter\FirstPersonShooter\Debug\link-rc.read.1.tlog
D:\Academy\second term\projects\FirstPersonShooter\FirstPersonShooter\FirstPersonShooter\Debug\link-rc.write.1.tlog
D:\Academy\second term\projects\FirstPersonShooter\FirstPersonShooter\FirstPersonShooter\Debug\link.5184-cvtres.read.1.tlog
D:\Academy\second term\projects\FirstPersonShooter\FirstPersonShooter\FirstPersonShooter\Debug\link.5184-cvtres.write.1.tlog
D:\Academy\second term\projects\FirstPersonShooter\FirstPersonShooter\FirstPersonShooter\Debug\link.5184-rc.read.1.tlog
D:\Academy\second term\projects\FirstPersonShooter\FirstPersonShooter\FirstPersonShooter\Debug\link.5184-rc.write.1.tlog
D:\Academy\second term\projects\FirstPersonShooter\FirstPersonShooter\FirstPersonShooter\Debug\link.5184.read.1.tlog
D:\Academy\second term\projects\FirstPersonShooter\FirstPersonShooter\FirstPersonShooter\Debug\link.5184.write.1.tlog
D:\Academy\second term\projects\FirstPersonShooter\FirstPersonShooter\FirstPersonShooter\Debug\link.5672-cvtres.read.1.tlog
D:\Academy\second term\projects\FirstPersonShooter\FirstPersonShooter\FirstPersonShooter\Debug\link.5672-cvtres.write.1.tlog
D:\Academy\second term\projects\FirstPersonShooter\FirstPersonShooter\FirstPersonShooter\Debug\link.5672-rc.read.1.tlog
D:\Academy\second term\projects\FirstPersonShooter\FirstPersonShooter\FirstPersonShooter\Debug\link.5672-rc.write.1.tlog
D:\Academy\second term\projects\FirstPersonShooter\FirstPersonShooter\FirstPersonShooter\Debug\link.5672.read.1.tlog
D:\Academy\second term\projects\FirstPersonShooter\FirstPersonShooter\FirstPersonShooter\Debug\link.5672.write.1.tlog
D:\Academy\second term\projects\FirstPersonShooter\FirstPersonShooter\FirstPersonShooter\Debug\link.5896-cvtres.read.1.tlog
D:\Academy\second term\projects\FirstPersonShooter\FirstPersonShooter\FirstPersonShooter\Debug\link.5896-cvtres.write.1.tlog
D:\Academy\second term\projects\FirstPersonShooter\FirstPersonShooter\FirstPersonShooter\Debug\link.5896-rc.read.1.tlog
D:\Academy\second term\projects\FirstPersonShooter\FirstPersonShooter\FirstPersonShooter\Debug\link.5896-rc.write.1.tlog
D:\Academy\second term\projects\FirstPersonShooter\FirstPersonShooter\FirstPersonShooter\Debug\link.5896.read.1.tlog
D:\Academy\second term\projects\FirstPersonShooter\FirstPersonShooter\FirstPersonShooter\Debug\link.5896.write.1.tlog
D:\Academy\second term\projects\FirstPersonShooter\FirstPersonShooter\FirstPersonShooter\Debug\link.7088-cvtres.read.1.tlog
D:\Academy\second term\projects\FirstPersonShooter\FirstPersonShooter\FirstPersonShooter\Debug\link.7088-cvtres.write.1.tlog
D:\Academy\second term\projects\FirstPersonShooter\FirstPersonShooter\FirstPersonShooter\Debug\link.7088-rc.read.1.tlog
D:\Academy\second term\projects\FirstPersonShooter\FirstPersonShooter\FirstPersonShooter\Debug\link.7088-rc.write.1.tlog
D:\Academy\second term\projects\FirstPersonShooter\FirstPersonShooter\FirstPersonShooter\Debug\link.7088.read.1.tlog
D:\Academy\second term\projects\FirstPersonShooter\FirstPersonShooter\FirstPersonShooter\Debug\link.7088.write.1.tlog
D:\Academy\second term\projects\FirstPersonShooter\FirstPersonShooter\FirstPersonShooter\Debug\link.9376-cvtres.read.1.tlog
D:\Academy\second term\projects\FirstPersonShooter\FirstPersonShooter\FirstPersonShooter\Debug\link.9376-cvtres.write.1.tlog
D:\Academy\second term\projects\FirstPersonShooter\FirstPersonShooter\FirstPersonShooter\Debug\link.9376-rc.read.1.tlog
D:\Academy\second term\projects\FirstPersonShooter\FirstPersonShooter\FirstPersonShooter\Debug\link.9376-rc.write.1.tlog
D:\Academy\second term\projects\FirstPersonShooter\FirstPersonShooter\FirstPersonShooter\Debug\link.9376.read.1.tlog
D:\Academy\second term\projects\FirstPersonShooter\FirstPersonShooter\FirstPersonShooter\Debug\link.9376.write.1.tlog
D:\Academy\second term\projects\FirstPersonShooter\FirstPersonShooter\FirstPersonShooter\Debug\link.command.1.tlog
D:\Academy\second term\projects\FirstPersonShooter\FirstPersonShooter\FirstPersonShooter\Debug\link.read.1.tlog
D:\Academy\second term\projects\FirstPersonShooter\FirstPersonShooter\FirstPersonShooter\Debug\link.write.1.tlog
D:\Academy\second term\projects\FirstPersonShooter\FirstPersonShooter\FirstPersonShooter\Debug\vc110.idb
D:\Academy\second term\projects\FirstPersonShooter\FirstPersonShooter\FirstPersonShooter\Debug\vc110.pdb
D:\Academy\second term\projects\FirstPersonShooter\FirstPersonShooter\Debug\FirstPersonShooter.pdb
